<?xml version="1.0" encoding="UTF-8"?>
<!-- Generated by org.testng.reporters.JUnitXMLReporter -->
<testsuite ignored="10" hostname="AFRID" failures="0" tests="1" name="Default test" time="14.674" errors="0" timestamp="2025-05-03T09:20:25 IST">
  <testcase classname="webForm_Project.WebForm" name="color_pick" time="0.074"/>
  <testcase classname="webForm_Project.WebForm" name="test_input" time="0.0">
    <ignored/>
  </testcase> <!-- test_input -->
  <testcase classname="webForm_Project.WebForm" name="checked" time="0.0">
    <ignored/>
  </testcase> <!-- checked -->
  <testcase classname="webForm_Project.WebForm" name="password" time="0.0">
    <ignored/>
  </testcase> <!-- password -->
  <testcase classname="webForm_Project.WebForm" name="choose_file" time="0.0">
    <ignored/>
  </testcase> <!-- choose_file -->
  <testcase classname="webForm_Project.WebForm" name="dropdow_datalist" time="0.0">
    <ignored/>
  </testcase> <!-- dropdow_datalist -->
  <testcase classname="webForm_Project.WebForm" name="submit" time="0.0">
    <ignored/>
  </testcase> <!-- submit -->
  <testcase classname="webForm_Project.WebForm" name="range" time="0.0">
    <ignored/>
  </testcase> <!-- range -->
  <testcase classname="webForm_Project.WebForm" name="calender" time="0.0">
    <ignored/>
  </testcase> <!-- calender -->
  <testcase classname="webForm_Project.WebForm" name="textarea" time="0.0">
    <ignored/>
  </testcase> <!-- textarea -->
  <testcase classname="webForm_Project.WebForm" name="dropdown" time="0.0">
    <ignored/>
  </testcase> <!-- dropdown -->
</testsuite> <!-- Default test -->
